# JRE version: OpenJDK Runtime Environment Temurin-17.0.8.1+1 (17.0.8.1+1) (build 17.0.8.1+1)
# Java VM: OpenJDK 64-Bit Server VM Temurin-17.0.8.1+1 (17.0.8.1+1, mixed mode, emulated-client, tiered, compressed oops, compressed class ptrs, g1 gc, windows-amd64)
GC Precious Log:
 CPUs: 2 total, 2 available
 Memory: 3918M
 Large Page Support: Disabled
 NUMA Support: Disabled
 Compressed Oops: Enabled (32-bit)
 Heap Region Size: 1M
 Heap Min Capacity: 8M
 Heap Initial Capacity: 62M
 Heap Max Capacity: 1G
 Pre-touch: Disabled
 Parallel Workers: 2
 Concurrent Workers: 1
 Concurrent Refinement Workers: 2
 Periodic GC: Disabled
Heap:
 garbage-first heap   total 55296K, used 17744K [0x00000000c0000000, 0x0000000100000000)
  region size 1024K, 1 young (1024K), 0 survivors (0K)
 Metaspace       used 39029K, committed 39552K, reserved 1114112K
  class space    used 5156K, committed 5376K, reserved 1048576K
GC Heap History (20 events):
Event: 135.078 GC heap before
{Heap before GC invocations=14 (full 1):
 garbage-first heap   total 55296K, used 20173K [0x00000000c0000000, 0x0000000100000000)
  region size 1024K, 1 young (1024K), 0 survivors (0K)
 Metaspace       used 39123K, committed 39552K, reserved 1114112K
  class space    used 5177K, committed 5376K, reserved 1048576K
}
Event: 135.175 GC heap after
{Heap after GC invocations=15 (full 2):
 garbage-first heap   total 55296K, used 17713K [0x00000000c0000000, 0x0000000100000000)
  region size 1024K, 0 young (0K), 0 survivors (0K)
 Metaspace       used 38996K, committed 39552K, reserved 1114112K
  class space    used 5145K, committed 5376K, reserved 1048576K
}
Event: 147.103 GC heap before
{Heap before GC invocations=15 (full 2):
 garbage-first heap   total 55296K, used 17713K [0x00000000c0000000, 0x0000000100000000)
  region size 1024K, 1 young (1024K), 0 survivors (0K)
 Metaspace       used 38996K, committed 39552K, reserved 1114112K
  class space    used 5145K, committed 5376K, reserved 1048576K
}
Event: 147.292 GC heap after
{Heap after GC invocations=16 (full 3):
 garbage-first heap   total 55296K, used 17713K [0x00000000c0000000, 0x0000000100000000)
  region size 1024K, 0 young (0K), 0 survivors (0K)
 Metaspace       used 38996K, committed 39552K, reserved 1114112K
  class space    used 5145K, committed 5376K, reserved 1048576K
}
Event: 157.817 GC heap before
{Heap before GC invocations=16 (full 3):
 garbage-first heap   total 55296K, used 17713K [0x00000000c0000000, 0x0000000100000000)
  region size 1024K, 1 young (1024K), 0 survivors (0K)
 Metaspace       used 38996K, committed 39552K, reserved 1114112K
  class space    used 5145K, committed 5376K, reserved 1048576K
}
Event: 157.849 GC heap after
{Heap after GC invocations=17 (full 4):
 garbage-first heap   total 55296K, used 17713K [0x00000000c0000000, 0x0000000100000000)
  region size 1024K, 0 young (0K), 0 survivors (0K)
 Metaspace       used 38996K, committed 39552K, reserved 1114112K
  class space    used 5145K, committed 5376K, reserved 1048576K
}
Event: 170.023 GC heap before
{Heap before GC invocations=17 (full 4):
 garbage-first heap   total 55296K, used 17713K [0x00000000c0000000, 0x0000000100000000)
  region size 1024K, 1 young (1024K), 0 survivors (0K)
 Metaspace       used 38996K, committed 39552K, reserved 1114112K
  class space    used 5145K, committed 5376K, reserved 1048576K
}
Event: 170.161 GC heap after
{Heap after GC invocations=18 (full 5):
 garbage-first heap   total 55296K, used 17713K [0x00000000c0000000, 0x0000000100000000)
  region size 1024K, 0 young (0K), 0 survivors (0K)
 Metaspace       used 38996K, committed 39552K, reserved 1114112K
  class space    used 5145K, committed 5376K, reserved 1048576K
}
Event: 211.756 GC heap before
{Heap before GC invocations=18 (full 5):
 garbage-first heap   total 55296K, used 18737K [0x00000000c0000000, 0x0000000100000000)
  region size 1024K, 2 young (2048K), 0 survivors (0K)
 Metaspace       used 39028K, committed 39552K, reserved 1114112K
  class space    used 5156K, committed 5376K, reserved 1048576K
}
Event: 213.497 GC heap after
{Heap after GC invocations=19 (full 6):
 garbage-first heap   total 55296K, used 18090K [0x00000000c0000000, 0x0000000100000000)
  region size 1024K, 0 young (0K), 0 survivors (0K)
 Metaspace       used 39028K, committed 39552K, reserved 1114112K
  class space    used 5156K, committed 5376K, reserved 1048576K
}
Event: 226.703 GC heap before
{Heap before GC invocations=19 (full 6):
 garbage-first heap   total 55296K, used 18090K [0x00000000c0000000, 0x0000000100000000)
  region size 1024K, 1 young (1024K), 0 survivors (0K)
 Metaspace       used 39028K, committed 39552K, reserved 1114112K
  class space    used 5156K, committed 5376K, reserved 1048576K
}
Event: 226.958 GC heap after
{Heap after GC invocations=20 (full 7):
 garbage-first heap   total 55296K, used 17745K [0x00000000c0000000, 0x0000000100000000)
  region size 1024K, 0 young (0K), 0 survivors (0K)
 Metaspace       used 39028K, committed 39552K, reserved 1114112K
  class space    used 5156K, committed 5376K, reserved 1048576K
}
Event: 239.987 GC heap before
{Heap before GC invocations=20 (full 7):
 garbage-first heap   total 55296K, used 17745K [0x00000000c0000000, 0x0000000100000000)
  region size 1024K, 1 young (1024K), 0 survivors (0K)
 Metaspace       used 39029K, committed 39552K, reserved 1114112K
  class space    used 5156K, committed 5376K, reserved 1048576K
}
Event: 240.072 GC heap after
{Heap after GC invocations=21 (full 8):
 garbage-first heap   total 55296K, used 17744K [0x00000000c0000000, 0x0000000100000000)
  region size 1024K, 0 young (0K), 0 survivors (0K)
 Metaspace       used 39029K, committed 39552K, reserved 1114112K
  class space    used 5156K, committed 5376K, reserved 1048576K
}
Event: 250.938 GC heap before
{Heap before GC invocations=21 (full 8):
 garbage-first heap   total 55296K, used 17744K [0x00000000c0000000, 0x0000000100000000)
  region size 1024K, 1 young (1024K), 0 survivors (0K)
 Metaspace       used 39029K, committed 39552K, reserved 1114112K
  class space    used 5156K, committed 5376K, reserved 1048576K
}
Event: 251.012 GC heap after
{Heap after GC invocations=22 (full 9):
 garbage-first heap   total 55296K, used 17744K [0x00000000c0000000, 0x0000000100000000)
  region size 1024K, 0 young (0K), 0 survivors (0K)
 Metaspace       used 39029K, committed 39552K, reserved 1114112K
  class space    used 5156K, committed 5376K, reserved 1048576K
}
Event: 261.565 GC heap before
{Heap before GC invocations=22 (full 9):
 garbage-first heap   total 55296K, used 17744K [0x00000000c0000000, 0x0000000100000000)
  region size 1024K, 1 young (1024K), 0 survivors (0K)
 Metaspace       used 39029K, committed 39552K, reserved 1114112K
  class space    used 5156K, committed 5376K, reserved 1048576K
}
Event: 261.717 GC heap after
{Heap after GC invocations=23 (full 10):
 garbage-first heap   total 55296K, used 17744K [0x00000000c0000000, 0x0000000100000000)
  region size 1024K, 0 young (0K), 0 survivors (0K)
 Metaspace       used 39029K, committed 39552K, reserved 1114112K
  class space    used 5156K, committed 5376K, reserved 1048576K
}
Event: 273.120 GC heap before
{Heap before GC invocations=23 (full 10):
 garbage-first heap   total 55296K, used 17744K [0x00000000c0000000, 0x0000000100000000)
  region size 1024K, 1 young (1024K), 0 survivors (0K)
 Metaspace       used 39029K, committed 39552K, reserved 1114112K
  class space    used 5156K, committed 5376K, reserved 1048576K
}
Event: 273.406 GC heap after
{Heap after GC invocations=24 (full 11):
 garbage-first heap   total 55296K, used 17744K [0x00000000c0000000, 0x0000000100000000)
  region size 1024K, 0 young (0K), 0 survivors (0K)
 Metaspace       used 39029K, committed 39552K, reserved 1114112K
  class space    used 5156K, committed 5376K, reserved 1048576K
}

